"../../../Engine/Content/EditorResources/S_Actor.ubulk" 0
"../../../Engine/Content/EditorResources/S_Actor.uasset" 1
"../../../Engine/Content/EditorResources/S_Actor.uexp" 2
"../../../Engine/Content/EditorResources/S_BoxReflectionCapture.uasset" 3
"../../../Engine/Content/EditorResources/S_BoxReflectionCapture.uexp" 4
"../../../Engine/Content/EngineResources/DefaultTexture.ubulk" 5
"../../../Engine/Content/EngineResources/DefaultTexture.uasset" 6
"../../../Engine/Content/EngineResources/DefaultTexture.uexp" 7
"../../../Engine/Content/EngineResources/DefaultTextureCube.uasset" 8
"../../../Engine/Content/EngineResources/DefaultTextureCube.uexp" 9
"../../../Engine/Content/EngineResources/DefaultVolumeTexture2D.uasset" 10
"../../../Engine/Content/EngineResources/DefaultVolumeTexture2D.uexp" 11
"../../../Engine/Content/EngineResources/DefaultVolumeTexture.uasset" 12
"../../../Engine/Content/EngineResources/DefaultVolumeTexture.uexp" 13
"../../../Engine/Content/EditorResources/S_Trigger.ubulk" 14
"../../../Engine/Content/EditorResources/S_Trigger.uasset" 15
"../../../Engine/Content/EditorResources/S_Trigger.uexp" 16
"../../../Engine/Content/EditorResources/S_TriggerBox.uasset" 17
"../../../Engine/Content/EditorResources/S_TriggerBox.uexp" 18
"../../../Engine/Content/EditorResources/S_TriggerCapsule.uasset" 19
"../../../Engine/Content/EditorResources/S_TriggerCapsule.uexp" 20
"../../../Engine/Content/EditorResources/S_TriggerSphere.uasset" 21
"../../../Engine/Content/EditorResources/S_TriggerSphere.uexp" 22
"../../../Engine/Content/EngineMeshes/Sphere.ubulk" 23
"../../../Engine/Content/EngineMeshes/Sphere.uasset" 24
"../../../Engine/Content/EngineMeshes/Sphere.uexp" 25
"../../../Engine/Content/EngineResources/GradientTexture0.uasset" 26
"../../../Engine/Content/EngineResources/GradientTexture0.uexp" 27
"../../../Engine/Content/EngineResources/Black.uasset" 28
"../../../Engine/Content/EngineResources/Black.uexp" 29
"../../../Engine/Content/VREditor/LaserPointer/VR_LaserPower_01.ubulk" 30
"../../../Engine/Content/VREditor/LaserPointer/VR_LaserPower_01.uasset" 31
"../../../Engine/Content/VREditor/LaserPointer/VR_LaserPower_01.uexp" 32
"../../../Engine/Content/VREditor/TransformGizmo/TransformGizmoMaterial.uasset" 33
"../../../Engine/Content/VREditor/TransformGizmo/TransformGizmoMaterial.uexp" 34
"../../../Engine/Content/VREditor/TransformGizmo/TranslucentTransformGizmoMaterial.uasset" 35
"../../../Engine/Content/VREditor/TransformGizmo/TranslucentTransformGizmoMaterial.uexp" 36
"../../../Engine/Content/VREditor/TransformGizmo/PlaneTranslationHandle.ubulk" 37
"../../../Engine/Content/VREditor/TransformGizmo/PlaneTranslationHandle.uasset" 38
"../../../Engine/Content/VREditor/TransformGizmo/PlaneTranslationHandle.uexp" 39
"../../../Engine/Content/VREditor/TransformGizmo/BoundingBoxCorner.ubulk" 40
"../../../Engine/Content/VREditor/TransformGizmo/BoundingBoxCorner.uasset" 41
"../../../Engine/Content/VREditor/TransformGizmo/BoundingBoxCorner.uexp" 42
"../../../Engine/Content/VREditor/TransformGizmo/BoundingBoxEdge.ubulk" 43
"../../../Engine/Content/VREditor/TransformGizmo/BoundingBoxEdge.uasset" 44
"../../../Engine/Content/VREditor/TransformGizmo/BoundingBoxEdge.uexp" 45
"../../../Engine/Content/VREditor/TransformGizmo/Main.uasset" 46
"../../../Engine/Content/VREditor/TransformGizmo/Main.uexp" 47
"../../../Engine/Content/VREditor/TransformGizmo/Xray.uasset" 48
"../../../Engine/Content/VREditor/TransformGizmo/Xray.uexp" 49
"../../../Engine/Content/VREditor/TransformGizmo/SM_Sequencer_Node.ubulk" 50
"../../../Engine/Content/VREditor/TransformGizmo/SM_Sequencer_Node.uasset" 51
"../../../Engine/Content/VREditor/TransformGizmo/SM_Sequencer_Node.uexp" 52
"../../../Engine/Content/EditorMaterials/Camera/CineMat.uasset" 53
"../../../Engine/Content/EditorMaterials/Camera/CineMat.uexp" 54
"../../../Engine/Content/EditorMaterials/Camera/MI_CineMat_Rig.uasset" 55
"../../../Engine/Content/EditorMaterials/Camera/MI_CineMat_Rig.uexp" 56
"../../../Engine/Content/EditorMeshes/Camera/SM_CraneRig_Base.ubulk" 57
"../../../Engine/Content/EditorMeshes/Camera/SM_CraneRig_Base.uasset" 58
"../../../Engine/Content/EditorMeshes/Camera/SM_CraneRig_Base.uexp" 59
"../../../Engine/Content/EditorMeshes/Camera/SM_CraneRig_Arm.ubulk" 60
"../../../Engine/Content/EditorMeshes/Camera/SM_CraneRig_Arm.uasset" 61
"../../../Engine/Content/EditorMeshes/Camera/SM_CraneRig_Arm.uexp" 62
"../../../Engine/Content/EditorMeshes/Camera/SM_CraneRig_Mount.ubulk" 63
"../../../Engine/Content/EditorMeshes/Camera/SM_CraneRig_Mount.uasset" 64
"../../../Engine/Content/EditorMeshes/Camera/SM_CraneRig_Mount.uexp" 65
"../../../Engine/Content/EditorMeshes/Camera/SM_CraneRig_Body.ubulk" 66
"../../../Engine/Content/EditorMeshes/Camera/SM_CraneRig_Body.uasset" 67
"../../../Engine/Content/EditorMeshes/Camera/SM_CraneRig_Body.uexp" 68
"../../../Engine/Content/EditorMeshes/Camera/SM_RailRig_Track.ubulk" 69
"../../../Engine/Content/EditorMeshes/Camera/SM_RailRig_Track.uasset" 70
"../../../Engine/Content/EditorMeshes/Camera/SM_RailRig_Track.uexp" 71
"../../../Engine/Content/EditorMeshes/Camera/SM_RailRig_Mount.ubulk" 72
"../../../Engine/Content/EditorMeshes/Camera/SM_RailRig_Mount.uasset" 73
"../../../Engine/Content/EditorMeshes/Camera/SM_RailRig_Mount.uexp" 74
"../../../Engine/Content/EngineMaterials/T_Default_Material_Grid_M.ubulk" 75
"../../../Engine/Content/EngineMaterials/T_Default_Material_Grid_M.uasset" 76
"../../../Engine/Content/EngineMaterials/T_Default_Material_Grid_M.uexp" 77
"../../../Engine/Content/EngineMaterials/T_Default_Material_Grid_N.ubulk" 78
"../../../Engine/Content/EngineMaterials/T_Default_Material_Grid_N.uasset" 79
"../../../Engine/Content/EngineMaterials/T_Default_Material_Grid_N.uexp" 80
"../../../Engine/Content/Functions/Engine_MaterialFunctions01/Opacity/CameraDepthFade.uasset" 81
"../../../Engine/Content/Functions/Engine_MaterialFunctions01/Opacity/CameraDepthFade.uexp" 82
"../../../Engine/Content/EngineMaterials/WorldGridMaterial.uasset" 83
"../../../Engine/Content/EngineMaterials/WorldGridMaterial.uexp" 84
"../../../Engine/Content/ArtTools/RenderToTexture/Meshes/S_1_Unit_Plane.ubulk" 85
"../../../Engine/Content/ArtTools/RenderToTexture/Meshes/S_1_Unit_Plane.uasset" 86
"../../../Engine/Content/ArtTools/RenderToTexture/Meshes/S_1_Unit_Plane.uexp" 87
"../../../Engine/Content/EditorMaterials/ParticleSystems/PSysThumbnail_NoImage.ubulk" 88
"../../../Engine/Content/EditorMaterials/ParticleSystems/PSysThumbnail_NoImage.uasset" 89
"../../../Engine/Content/EditorMaterials/ParticleSystems/PSysThumbnail_NoImage.uexp" 90
"../../../Engine/Content/EditorMaterials/ParticleSystems/PSysThumbnail_OOD.ubulk" 91
"../../../Engine/Content/EditorMaterials/ParticleSystems/PSysThumbnail_OOD.uasset" 92
"../../../Engine/Content/EditorMaterials/ParticleSystems/PSysThumbnail_OOD.uexp" 93
"../../../Engine/Content/EditorLandscapeResources/SplineEditorMeshMat.uasset" 94
"../../../Engine/Content/EditorLandscapeResources/SplineEditorMeshMat.uexp" 95
"../../../Engine/Content/EditorLandscapeResources/SplineEditorMesh.ubulk" 96
"../../../Engine/Content/EditorLandscapeResources/SplineEditorMesh.uasset" 97
"../../../Engine/Content/EditorLandscapeResources/SplineEditorMesh.uexp" 98
"../../../Engine/Content/EditorResources/S_Solver.ubulk" 99
"../../../Engine/Content/EditorResources/S_Solver.uasset" 100
"../../../Engine/Content/EditorResources/S_Solver.uexp" 101
"../../../Engine/Plugins/Media/MediaPlate/Content/SM_MediaPlateScreen.ubulk" 102
"../../../Engine/Plugins/Media/MediaPlate/Content/SM_MediaPlateScreen.uasset" 103
"../../../Engine/Plugins/Media/MediaPlate/Content/SM_MediaPlateScreen.uexp" 104
"../../../Engine/Content/EngineMaterials/Good64x64TilingNoiseHighFreq.uasset" 105
"../../../Engine/Content/EngineMaterials/Good64x64TilingNoiseHighFreq.uexp" 106
"../../../Engine/Content/EngineMaterials/DefaultBokeh.uasset" 107
"../../../Engine/Content/EngineMaterials/DefaultBokeh.uexp" 108
"../../../Engine/Content/EngineMaterials/PreintegratedSkinBRDF.uasset" 109
"../../../Engine/Content/EngineMaterials/PreintegratedSkinBRDF.uexp" 110
"../../../Engine/Content/EngineMaterials/MiniFont.uasset" 111
"../../../Engine/Content/EngineMaterials/MiniFont.uexp" 112
"../../../Engine/Content/EngineMaterials/WeightMapPlaceholderTexture.uasset" 113
"../../../Engine/Content/EngineMaterials/WeightMapPlaceholderTexture.uexp" 114
"../../../Engine/Content/EngineMaterials/DefaultWhiteGrid.ubulk" 115
"../../../Engine/Content/EngineMaterials/DefaultWhiteGrid.uasset" 116
"../../../Engine/Content/EngineMaterials/DefaultWhiteGrid.uexp" 117
"../../../Engine/Plugins/2D/Paper2D/Content/PlaceholderTextures/DummySpriteTexture.ubulk" 118
"../../../Engine/Plugins/2D/Paper2D/Content/PlaceholderTextures/DummySpriteTexture.uasset" 119
"../../../Engine/Plugins/2D/Paper2D/Content/PlaceholderTextures/DummySpriteTexture.uexp" 120
"../../../Engine/Plugins/2D/Paper2D/Content/DefaultSpriteMaterial.uasset" 121
"../../../Engine/Plugins/2D/Paper2D/Content/DefaultSpriteMaterial.uexp" 122
"../../../Engine/Plugins/2D/Paper2D/Content/OpaqueUnlitSpriteMaterial.uasset" 123
"../../../Engine/Plugins/2D/Paper2D/Content/OpaqueUnlitSpriteMaterial.uexp" 124
"../../../Engine/Plugins/2D/Paper2D/Content/MaskedUnlitSpriteMaterial.uasset" 125
"../../../Engine/Plugins/2D/Paper2D/Content/MaskedUnlitSpriteMaterial.uexp" 126
"../../../Engine/Plugins/2D/Paper2D/Content/DummySprite.uasset" 127
"../../../Engine/Plugins/2D/Paper2D/Content/DummySprite.uexp" 128
"../../../Engine/Plugins/2D/Paper2D/Content/DefaultPaperTerrainMaterial.uasset" 129
"../../../Engine/Plugins/2D/Paper2D/Content/DefaultPaperTerrainMaterial.uexp" 130
"../../../Engine/Content/Functions/Engine_MaterialFunctions02/WorldPositionOffset/CameraOffset.uasset" 131
"../../../Engine/Content/Functions/Engine_MaterialFunctions02/WorldPositionOffset/CameraOffset.uexp" 132
"../../../Engine/Plugins/Animation/ControlRig/Content/M_Manip.uasset" 133
"../../../Engine/Plugins/Animation/ControlRig/Content/M_Manip.uexp" 134
"../../../Engine/Content/Animation/DefaultRecorderBoneCompression.uasset" 135
"../../../Engine/Content/Animation/DefaultRecorderBoneCompression.uexp" 136
"../../../Engine/Content/Animation/DefaultAnimCurveCompressionSettings.uasset" 137
"../../../Engine/Content/Animation/DefaultAnimCurveCompressionSettings.uexp" 138
"../../../Engine/Content/Animation/DefaultAnimBoneCompressionSettings.uasset" 139
"../../../Engine/Content/Animation/DefaultAnimBoneCompressionSettings.uexp" 140
"../../../Engine/Content/EngineMaterials/DefaultMaterial.uasset" 141
"../../../Engine/Content/EngineMaterials/DefaultMaterial.uexp" 142
"../../../Engine/Content/BasicShapes/Sphere.ubulk" 143
"../../../Engine/Content/BasicShapes/Sphere.uasset" 144
"../../../Engine/Content/BasicShapes/Sphere.uexp" 145
"../../../Engine/Content/BasicShapes/Plane.ubulk" 146
"../../../Engine/Content/BasicShapes/Plane.uasset" 147
"../../../Engine/Content/BasicShapes/Plane.uexp" 148
"../../../Engine/Content/BasicShapes/Cube.ubulk" 149
"../../../Engine/Content/BasicShapes/Cube.uasset" 150
"../../../Engine/Content/BasicShapes/Cube.uexp" 151
"../../../Engine/Content/BasicShapes/Cone.ubulk" 152
"../../../Engine/Content/BasicShapes/Cone.uasset" 153
"../../../Engine/Content/BasicShapes/Cone.uexp" 154
"../../../Engine/Content/EditorResources/S_Terrain.ubulk" 155
"../../../Engine/Content/EditorResources/S_Terrain.uasset" 156
"../../../Engine/Content/EditorResources/S_Terrain.uexp" 157
"../../../Engine/Content/EngineSounds/Master.uasset" 158
"../../../Engine/Content/EngineSounds/Master.uexp" 159
"../../../Engine/Plugins/Animation/ControlRig/Content/Controls/DefaultGizmoLibraryNormalized.uasset" 160
"../../../Engine/Plugins/Animation/ControlRig/Content/Controls/DefaultGizmoLibraryNormalized.uexp" 161
"../../../Engine/Plugins/Animation/ControlRig/Content/Controls/ControlRig_Wedge_solid.ubulk" 162
"../../../Engine/Plugins/Animation/ControlRig/Content/Controls/ControlRig_Wedge_solid.uasset" 163
"../../../Engine/Plugins/Animation/ControlRig/Content/Controls/ControlRig_Wedge_solid.uexp" 164
"../../../Engine/Plugins/Animation/ControlRig/Content/Controls/ControlRig_Wedge_3mm.ubulk" 165
"../../../Engine/Plugins/Animation/ControlRig/Content/Controls/ControlRig_Wedge_3mm.uasset" 166
"../../../Engine/Plugins/Animation/ControlRig/Content/Controls/ControlRig_Wedge_3mm.uexp" 167
"../../../Engine/Plugins/Animation/ControlRig/Content/Controls/ControlRig_Wedge_1mm.ubulk" 168
"../../../Engine/Plugins/Animation/ControlRig/Content/Controls/ControlRig_Wedge_1mm.uasset" 169
"../../../Engine/Plugins/Animation/ControlRig/Content/Controls/ControlRig_Wedge_1mm.uexp" 170
"../../../Engine/Plugins/Animation/ControlRig/Content/Controls/ControlRig_Triangle_solid.ubulk" 171
"../../../Engine/Plugins/Animation/ControlRig/Content/Controls/ControlRig_Triangle_solid.uasset" 172
"../../../Engine/Plugins/Animation/ControlRig/Content/Controls/ControlRig_Triangle_solid.uexp" 173
"../../../Engine/Plugins/Animation/ControlRig/Content/Controls/ControlRig_Triangle_3mm.ubulk" 174
"../../../Engine/Plugins/Animation/ControlRig/Content/Controls/ControlRig_Triangle_3mm.uasset" 175
"../../../Engine/Plugins/Animation/ControlRig/Content/Controls/ControlRig_Triangle_3mm.uexp" 176
"../../../Engine/Plugins/Animation/ControlRig/Content/Controls/ControlRig_Triangle_1mm.ubulk" 177
"../../../Engine/Plugins/Animation/ControlRig/Content/Controls/ControlRig_Triangle_1mm.uasset" 178
"../../../Engine/Plugins/Animation/ControlRig/Content/Controls/ControlRig_Triangle_1mm.uexp" 179
"../../../Engine/Plugins/Animation/ControlRig/Content/Controls/ControlRig_Star4_solid.ubulk" 180
"../../../Engine/Plugins/Animation/ControlRig/Content/Controls/ControlRig_Star4_solid.uasset" 181
"../../../Engine/Plugins/Animation/ControlRig/Content/Controls/ControlRig_Star4_solid.uexp" 182
"../../../Engine/Plugins/Animation/ControlRig/Content/Controls/ControlRig_Star4_3mm.ubulk" 183
"../../../Engine/Plugins/Animation/ControlRig/Content/Controls/ControlRig_Star4_3mm.uasset" 184
"../../../Engine/Plugins/Animation/ControlRig/Content/Controls/ControlRig_Star4_3mm.uexp" 185
"../../../Engine/Plugins/Animation/ControlRig/Content/Controls/ControlRig_Star4_1mm.ubulk" 186
"../../../Engine/Plugins/Animation/ControlRig/Content/Controls/ControlRig_Star4_1mm.uasset" 187
"../../../Engine/Plugins/Animation/ControlRig/Content/Controls/ControlRig_Star4_1mm.uexp" 188
"../../../Engine/Plugins/Animation/ControlRig/Content/Controls/ControlRig_Square_solid.ubulk" 189
"../../../Engine/Plugins/Animation/ControlRig/Content/Controls/ControlRig_Square_solid.uasset" 190
"../../../Engine/Plugins/Animation/ControlRig/Content/Controls/ControlRig_Square_solid.uexp" 191
"../../../Engine/Plugins/Animation/ControlRig/Content/Controls/ControlRig_Square_3mm.ubulk" 192
"../../../Engine/Plugins/Animation/ControlRig/Content/Controls/ControlRig_Square_3mm.uasset" 193
"../../../Engine/Plugins/Animation/ControlRig/Content/Controls/ControlRig_Square_3mm.uexp" 194
"../../../Engine/Plugins/Animation/ControlRig/Content/Controls/ControlRig_Square_1mm.ubulk" 195
"../../../Engine/Plugins/Animation/ControlRig/Content/Controls/ControlRig_Square_1mm.uasset" 196
"../../../Engine/Plugins/Animation/ControlRig/Content/Controls/ControlRig_Square_1mm.uexp" 197
"../../../Engine/Plugins/Animation/ControlRig/Content/Controls/ControlRig_Sphere_solid.ubulk" 198
"../../../Engine/Plugins/Animation/ControlRig/Content/Controls/ControlRig_Sphere_solid.uasset" 199
"../../../Engine/Plugins/Animation/ControlRig/Content/Controls/ControlRig_Sphere_solid.uexp" 200
"../../../Engine/Plugins/Animation/ControlRig/Content/Controls/ControlRig_Sphere_3mm.ubulk" 201
"../../../Engine/Plugins/Animation/ControlRig/Content/Controls/ControlRig_Sphere_3mm.uasset" 202
"../../../Engine/Plugins/Animation/ControlRig/Content/Controls/ControlRig_Sphere_3mm.uexp" 203
"../../../Engine/Plugins/Animation/ControlRig/Content/Controls/ControlRig_Sphere_1mm.ubulk" 204
"../../../Engine/Plugins/Animation/ControlRig/Content/Controls/ControlRig_Sphere_1mm.uasset" 205
"../../../Engine/Plugins/Animation/ControlRig/Content/Controls/ControlRig_Sphere_1mm.uexp" 206
"../../../Engine/Plugins/Animation/ControlRig/Content/Controls/ControlRig_RoundedTriangle_solid.ubulk" 207
"../../../Engine/Plugins/Animation/ControlRig/Content/Controls/ControlRig_RoundedTriangle_solid.uasset" 208
"../../../Engine/Plugins/Animation/ControlRig/Content/Controls/ControlRig_RoundedTriangle_solid.uexp" 209
"../../../Engine/Plugins/Animation/ControlRig/Content/Controls/ControlRig_RoundedTriangle_3mm.ubulk" 210
"../../../Engine/Plugins/Animation/ControlRig/Content/Controls/ControlRig_RoundedTriangle_3mm.uasset" 211
"../../../Engine/Plugins/Animation/ControlRig/Content/Controls/ControlRig_RoundedTriangle_3mm.uexp" 212
"../../../Engine/Plugins/Animation/ControlRig/Content/Controls/ControlRig_RoundedTriangle_1mm.ubulk" 213
"../../../Engine/Plugins/Animation/ControlRig/Content/Controls/ControlRig_RoundedTriangle_1mm.uasset" 214
"../../../Engine/Plugins/Animation/ControlRig/Content/Controls/ControlRig_RoundedTriangle_1mm.uexp" 215
"../../../Engine/Plugins/Animation/ControlRig/Content/Controls/ControlRig_RoundedSquare_solid.ubulk" 216
"../../../Engine/Plugins/Animation/ControlRig/Content/Controls/ControlRig_RoundedSquare_solid.uasset" 217
"../../../Engine/Plugins/Animation/ControlRig/Content/Controls/ControlRig_RoundedSquare_solid.uexp" 218
"../../../Engine/Plugins/Animation/ControlRig/Content/Controls/ControlRig_RoundedSquare_3mm.ubulk" 219
"../../../Engine/Plugins/Animation/ControlRig/Content/Controls/ControlRig_RoundedSquare_3mm.uasset" 220
"../../../Engine/Plugins/Animation/ControlRig/Content/Controls/ControlRig_RoundedSquare_3mm.uexp" 221
"../../../Engine/Plugins/Animation/ControlRig/Content/Controls/ControlRig_RoundedSquare_1mm.ubulk" 222
"../../../Engine/Plugins/Animation/ControlRig/Content/Controls/ControlRig_RoundedSquare_1mm.uasset" 223
"../../../Engine/Plugins/Animation/ControlRig/Content/Controls/ControlRig_RoundedSquare_1mm.uexp" 224
"../../../Engine/Plugins/Animation/ControlRig/Content/Controls/ControlRig_QuarterCircle_solid.ubulk" 225
"../../../Engine/Plugins/Animation/ControlRig/Content/Controls/ControlRig_QuarterCircle_solid.uasset" 226
"../../../Engine/Plugins/Animation/ControlRig/Content/Controls/ControlRig_QuarterCircle_solid.uexp" 227
"../../../Engine/Plugins/Animation/ControlRig/Content/Controls/ControlRig_QuarterCircle_3mm.ubulk" 228
"../../../Engine/Plugins/Animation/ControlRig/Content/Controls/ControlRig_QuarterCircle_3mm.uasset" 229
"../../../Engine/Plugins/Animation/ControlRig/Content/Controls/ControlRig_QuarterCircle_3mm.uexp" 230
"../../../Engine/Plugins/Animation/ControlRig/Content/Controls/ControlRig_QuarterCircle_1mm.ubulk" 231
"../../../Engine/Plugins/Animation/ControlRig/Content/Controls/ControlRig_QuarterCircle_1mm.uasset" 232
"../../../Engine/Plugins/Animation/ControlRig/Content/Controls/ControlRig_QuarterCircle_1mm.uexp" 233
"../../../Engine/Plugins/Animation/ControlRig/Content/Controls/ControlRig_Pyramid_solid.ubulk" 234
"../../../Engine/Plugins/Animation/ControlRig/Content/Controls/ControlRig_Pyramid_solid.uasset" 235
"../../../Engine/Plugins/Animation/ControlRig/Content/Controls/ControlRig_Pyramid_solid.uexp" 236
"../../../Engine/Plugins/Animation/ControlRig/Content/Controls/ControlRig_Pyramid_3mm.ubulk" 237
"../../../Engine/Plugins/Animation/ControlRig/Content/Controls/ControlRig_Pyramid_3mm.uasset" 238
"../../../Engine/Plugins/Animation/ControlRig/Content/Controls/ControlRig_Pyramid_3mm.uexp" 239
"../../../Engine/Plugins/Animation/ControlRig/Content/Controls/ControlRig_Pyramid_1mm.ubulk" 240
"../../../Engine/Plugins/Animation/ControlRig/Content/Controls/ControlRig_Pyramid_1mm.uasset" 241
"../../../Engine/Plugins/Animation/ControlRig/Content/Controls/ControlRig_Pyramid_1mm.uexp" 242
"../../../Engine/Plugins/Animation/ControlRig/Content/Controls/ControlRig_Octagon_solid.ubulk" 243
"../../../Engine/Plugins/Animation/ControlRig/Content/Controls/ControlRig_Octagon_solid.uasset" 244
"../../../Engine/Plugins/Animation/ControlRig/Content/Controls/ControlRig_Octagon_solid.uexp" 245
"../../../Engine/Plugins/Animation/ControlRig/Content/Controls/ControlRig_Octagon_3mm.ubulk" 246
"../../../Engine/Plugins/Animation/ControlRig/Content/Controls/ControlRig_Octagon_3mm.uasset" 247
"../../../Engine/Plugins/Animation/ControlRig/Content/Controls/ControlRig_Octagon_3mm.uexp" 248
"../../../Engine/Plugins/Animation/ControlRig/Content/Controls/ControlRig_Octagon_1mm.ubulk" 249
"../../../Engine/Plugins/Animation/ControlRig/Content/Controls/ControlRig_Octagon_1mm.uasset" 250
"../../../Engine/Plugins/Animation/ControlRig/Content/Controls/ControlRig_Octagon_1mm.uexp" 251
"../../../Engine/Plugins/Animation/ControlRig/Content/Controls/ControlRig_Hexagon_solid.ubulk" 252
"../../../Engine/Plugins/Animation/ControlRig/Content/Controls/ControlRig_Hexagon_solid.uasset" 253
"../../../Engine/Plugins/Animation/ControlRig/Content/Controls/ControlRig_Hexagon_solid.uexp" 254
"../../../Engine/Plugins/Animation/ControlRig/Content/Controls/ControlRig_Hexagon_3mm.ubulk" 255
"../../../Engine/Plugins/Animation/ControlRig/Content/Controls/ControlRig_Hexagon_3mm.uasset" 256
"../../../Engine/Plugins/Animation/ControlRig/Content/Controls/ControlRig_Hexagon_3mm.uexp" 257
"../../../Engine/Plugins/Animation/ControlRig/Content/Controls/ControlRig_Hexagon_1mm.ubulk" 258
"../../../Engine/Plugins/Animation/ControlRig/Content/Controls/ControlRig_Hexagon_1mm.uasset" 259
"../../../Engine/Plugins/Animation/ControlRig/Content/Controls/ControlRig_Hexagon_1mm.uexp" 260
"../../../Engine/Plugins/Animation/ControlRig/Content/Controls/ControlRig_HalfCircle_solid.ubulk" 261
"../../../Engine/Plugins/Animation/ControlRig/Content/Controls/ControlRig_HalfCircle_solid.uasset" 262
"../../../Engine/Plugins/Animation/ControlRig/Content/Controls/ControlRig_HalfCircle_solid.uexp" 263
"../../../Engine/Plugins/Animation/ControlRig/Content/Controls/ControlRig_HalfCircle_3mm.ubulk" 264
"../../../Engine/Plugins/Animation/ControlRig/Content/Controls/ControlRig_HalfCircle_3mm.uasset" 265
"../../../Engine/Plugins/Animation/ControlRig/Content/Controls/ControlRig_HalfCircle_3mm.uexp" 266
"../../../Engine/Plugins/Animation/ControlRig/Content/Controls/ControlRig_HalfCircle_1mm.ubulk" 267
"../../../Engine/Plugins/Animation/ControlRig/Content/Controls/ControlRig_HalfCircle_1mm.uasset" 268
"../../../Engine/Plugins/Animation/ControlRig/Content/Controls/ControlRig_HalfCircle_1mm.uexp" 269
"../../../Engine/Plugins/Animation/ControlRig/Content/Controls/ControlRig_Diamond_solid.ubulk" 270
"../../../Engine/Plugins/Animation/ControlRig/Content/Controls/ControlRig_Diamond_solid.uasset" 271
"../../../Engine/Plugins/Animation/ControlRig/Content/Controls/ControlRig_Diamond_solid.uexp" 272
"../../../Engine/Plugins/Animation/ControlRig/Content/Controls/ControlRig_Diamond_3mm.ubulk" 273
"../../../Engine/Plugins/Animation/ControlRig/Content/Controls/ControlRig_Diamond_3mm.uasset" 274
"../../../Engine/Plugins/Animation/ControlRig/Content/Controls/ControlRig_Diamond_3mm.uexp" 275
"../../../Engine/Plugins/Runtime/MeshModelingToolset/Content/Materials/M_DynamicMeshComponentVtxColor.uasset" 276
"../../../Engine/Plugins/Runtime/MeshModelingToolset/Content/Materials/M_DynamicMeshComponentVtxColor.uexp" 277
"../../../Engine/Plugins/Interchange/Runtime/Content/Pipelines/DefaultTexturePipeline.uasset" 278
"../../../Engine/Plugins/Interchange/Runtime/Content/Pipelines/DefaultTexturePipeline.uexp" 279
"../../../Engine/Plugins/Interchange/Runtime/Content/Pipelines/DefaultSceneLevelPipeline.uasset" 280
"../../../Engine/Plugins/Interchange/Runtime/Content/Pipelines/DefaultSceneLevelPipeline.uexp" 281
"../../../Engine/Plugins/Interchange/Runtime/Content/Pipelines/DefaultSceneAssetsPipeline.uasset" 282
"../../../Engine/Plugins/Interchange/Runtime/Content/Pipelines/DefaultSceneAssetsPipeline.uexp" 283
"../../../Engine/Plugins/Interchange/Runtime/Content/Pipelines/DefaultMaterialPipeline.uasset" 284
"../../../Engine/Plugins/Interchange/Runtime/Content/Pipelines/DefaultMaterialPipeline.uexp" 285
"../../../Engine/Plugins/Interchange/Runtime/Content/Pipelines/DefaultAssetsPipeline.uasset" 286
"../../../Engine/Plugins/Interchange/Runtime/Content/Pipelines/DefaultAssetsPipeline.uexp" 287
"../../../Engine/Plugins/Editor/SpeedTreeImporter/Content/SpeedTree9/game_wind_noise.ubulk" 288
"../../../Engine/Plugins/Editor/SpeedTreeImporter/Content/SpeedTree9/game_wind_noise.uasset" 289
"../../../Engine/Plugins/Editor/SpeedTreeImporter/Content/SpeedTree9/game_wind_noise.uexp" 290
"../../../Engine/Plugins/Editor/SpeedTreeImporter/Content/SpeedTree9/UnpackDirection.uasset" 291
"../../../Engine/Plugins/Editor/SpeedTreeImporter/Content/SpeedTree9/UnpackDirection.uexp" 292
"../../../Engine/Content/Functions/Engine_MaterialFunctions02/ObjectLocalBounds.uasset" 293
"../../../Engine/Content/Functions/Engine_MaterialFunctions02/ObjectLocalBounds.uexp" 294
"../../../Engine/Content/Functions/Engine_MaterialFunctions02/Utility/BreakOutFloat3Components.uasset" 295
"../../../Engine/Content/Functions/Engine_MaterialFunctions02/Utility/BreakOutFloat3Components.uexp" 296
"../../../Engine/Content/Functions/Engine_MaterialFunctions02/UVs/BoundingBoxBased_0-1_UVW.uasset" 297
"../../../Engine/Content/Functions/Engine_MaterialFunctions02/UVs/BoundingBoxBased_0-1_UVW.uexp" 298
"../../../Engine/Content/Functions/Engine_MaterialFunctions02/Utility/VectorLength.uasset" 299
"../../../Engine/Content/Functions/Engine_MaterialFunctions02/Utility/VectorLength.uexp" 300
"../../../Engine/Plugins/Editor/SpeedTreeImporter/Content/SpeedTree9/UnpackInteger3.uasset" 301
"../../../Engine/Plugins/Editor/SpeedTreeImporter/Content/SpeedTree9/UnpackInteger3.uexp" 302
"../../../Engine/Plugins/Editor/SpeedTreeImporter/Content/SpeedTree9/SpeedTreeCameraFacing.uasset" 303
"../../../Engine/Plugins/Editor/SpeedTreeImporter/Content/SpeedTree9/SpeedTreeCameraFacing.uexp" 304
"../../../Engine/Content/Functions/Engine_MaterialFunctions02/WorldPositionOffset/ObjectScale.uasset" 305
"../../../Engine/Content/Functions/Engine_MaterialFunctions02/WorldPositionOffset/ObjectScale.uexp" 306
"../../../Engine/Content/Functions/Engine_MaterialFunctions02/SafeNormalize.uasset" 307
"../../../Engine/Content/Functions/Engine_MaterialFunctions02/SafeNormalize.uexp" 308
"../../../Engine/Plugins/Editor/SpeedTreeImporter/Content/SpeedTree9/SpeedTreeWindMotion.uasset" 309
"../../../Engine/Plugins/Editor/SpeedTreeImporter/Content/SpeedTree9/SpeedTreeWindMotion.uexp" 310
"../../../Engine/Plugins/Editor/SpeedTreeImporter/Content/SpeedTree9/SpeedTreeBranchMotion.uasset" 311
"../../../Engine/Plugins/Editor/SpeedTreeImporter/Content/SpeedTree9/SpeedTreeBranchMotion.uexp" 312
"../../../Engine/Plugins/Editor/SpeedTreeImporter/Content/SpeedTree9/SpeedTreeWind.uasset" 313
"../../../Engine/Plugins/Editor/SpeedTreeImporter/Content/SpeedTree9/SpeedTreeWind.uexp" 314
"../../../Engine/Plugins/Editor/SpeedTreeImporter/Content/SpeedTree9/EmptyNormal.uasset" 315
"../../../Engine/Plugins/Editor/SpeedTreeImporter/Content/SpeedTree9/EmptyNormal.uexp" 316
"../../../Engine/Plugins/Editor/SpeedTreeImporter/Content/SpeedTree9/Empty.uasset" 317
"../../../Engine/Plugins/Editor/SpeedTreeImporter/Content/SpeedTree9/Empty.uexp" 318
"../../../Engine/Plugins/Editor/SpeedTreeImporter/Content/SpeedTree9/SpeedTreeMaster.uasset" 319
"../../../Engine/Plugins/Editor/SpeedTreeImporter/Content/SpeedTree9/SpeedTreeMaster.uexp" 320
"../../../Engine/Plugins/Editor/SpeedTreeImporter/Content/SpeedTree9/SpeedTreeBillboard.uasset" 321
"../../../Engine/Plugins/Editor/SpeedTreeImporter/Content/SpeedTree9/SpeedTreeBillboard.uexp" 322
"../../../Engine/Plugins/Editor/SpeedTreeImporter/Content/SpeedTree9/SpeedTreeBillboardMaster.uasset" 323
"../../../Engine/Plugins/Editor/SpeedTreeImporter/Content/SpeedTree9/SpeedTreeBillboardMaster.uexp" 324
"../../../Engine/Plugins/Animation/ControlRig/Content/Controls/ControlRig_Diamond_1mm.ubulk" 325
"../../../Engine/Plugins/Animation/ControlRig/Content/Controls/ControlRig_Diamond_1mm.uasset" 326
"../../../Engine/Plugins/Animation/ControlRig/Content/Controls/ControlRig_Diamond_1mm.uexp" 327
"../../../Engine/Plugins/Animation/ControlRig/Content/Controls/ControlRig_Circle_solid.ubulk" 328
"../../../Engine/Plugins/Animation/ControlRig/Content/Controls/ControlRig_Circle_solid.uasset" 329
"../../../Engine/Plugins/Animation/ControlRig/Content/Controls/ControlRig_Circle_solid.uexp" 330
"../../../Engine/Plugins/Animation/ControlRig/Content/Controls/ControlRig_Circle_3mm.ubulk" 331
"../../../Engine/Plugins/Animation/ControlRig/Content/Controls/ControlRig_Circle_3mm.uasset" 332
"../../../Engine/Plugins/Animation/ControlRig/Content/Controls/ControlRig_Circle_3mm.uexp" 333
"../../../Engine/Plugins/Animation/ControlRig/Content/Controls/ControlRig_Circle_1mm.ubulk" 334
"../../../Engine/Plugins/Animation/ControlRig/Content/Controls/ControlRig_Circle_1mm.uasset" 335
"../../../Engine/Plugins/Animation/ControlRig/Content/Controls/ControlRig_Circle_1mm.uexp" 336
"../../../Engine/Plugins/Animation/ControlRig/Content/Controls/ControlRig_Box_solid.ubulk" 337
"../../../Engine/Plugins/Animation/ControlRig/Content/Controls/ControlRig_Box_solid.uasset" 338
"../../../Engine/Plugins/Animation/ControlRig/Content/Controls/ControlRig_Box_solid.uexp" 339
"../../../Engine/Plugins/Animation/ControlRig/Content/Controls/ControlRig_Box_3mm.ubulk" 340
"../../../Engine/Plugins/Animation/ControlRig/Content/Controls/ControlRig_Box_3mm.uasset" 341
"../../../Engine/Plugins/Animation/ControlRig/Content/Controls/ControlRig_Box_3mm.uexp" 342
"../../../Engine/Plugins/Animation/ControlRig/Content/Controls/ControlRig_Box_1mm.ubulk" 343
"../../../Engine/Plugins/Animation/ControlRig/Content/Controls/ControlRig_Box_1mm.uasset" 344
"../../../Engine/Plugins/Animation/ControlRig/Content/Controls/ControlRig_Box_1mm.uexp" 345
"../../../Engine/Plugins/Animation/ControlRig/Content/Controls/ControlRig_Arrow_solid.ubulk" 346
"../../../Engine/Plugins/Animation/ControlRig/Content/Controls/ControlRig_Arrow_solid.uasset" 347
"../../../Engine/Plugins/Animation/ControlRig/Content/Controls/ControlRig_Arrow_solid.uexp" 348
"../../../Engine/Plugins/Animation/ControlRig/Content/Controls/ControlRig_Arrow_3mm.ubulk" 349
"../../../Engine/Plugins/Animation/ControlRig/Content/Controls/ControlRig_Arrow_3mm.uasset" 350
"../../../Engine/Plugins/Animation/ControlRig/Content/Controls/ControlRig_Arrow_3mm.uexp" 351
"../../../Engine/Plugins/Animation/ControlRig/Content/Controls/ControlRig_Arrow_1mm.ubulk" 352
"../../../Engine/Plugins/Animation/ControlRig/Content/Controls/ControlRig_Arrow_1mm.uasset" 353
"../../../Engine/Plugins/Animation/ControlRig/Content/Controls/ControlRig_Arrow_1mm.uexp" 354
"../../../Engine/Plugins/Animation/ControlRig/Content/Controls/ControlRig_Arrow4_solid.ubulk" 355
"../../../Engine/Plugins/Animation/ControlRig/Content/Controls/ControlRig_Arrow4_solid.uasset" 356
"../../../Engine/Plugins/Animation/ControlRig/Content/Controls/ControlRig_Arrow4_solid.uexp" 357
"../../../Engine/Plugins/Animation/ControlRig/Content/Controls/ControlRig_Arrow4_3mm.ubulk" 358
"../../../Engine/Plugins/Animation/ControlRig/Content/Controls/ControlRig_Arrow4_3mm.uasset" 359
"../../../Engine/Plugins/Animation/ControlRig/Content/Controls/ControlRig_Arrow4_3mm.uexp" 360
"../../../Engine/Plugins/Animation/ControlRig/Content/Controls/ControlRig_Arrow4_1mm.ubulk" 361
"../../../Engine/Plugins/Animation/ControlRig/Content/Controls/ControlRig_Arrow4_1mm.uasset" 362
"../../../Engine/Plugins/Animation/ControlRig/Content/Controls/ControlRig_Arrow4_1mm.uexp" 363
"../../../Engine/Plugins/Animation/ControlRig/Content/Controls/ControlRig_Arrow2_solid.ubulk" 364
"../../../Engine/Plugins/Animation/ControlRig/Content/Controls/ControlRig_Arrow2_solid.uasset" 365
"../../../Engine/Plugins/Animation/ControlRig/Content/Controls/ControlRig_Arrow2_solid.uexp" 366
"../../../Engine/Plugins/Animation/ControlRig/Content/Controls/ControlRig_Arrow2_3mm.ubulk" 367
"../../../Engine/Plugins/Animation/ControlRig/Content/Controls/ControlRig_Arrow2_3mm.uasset" 368
"../../../Engine/Plugins/Animation/ControlRig/Content/Controls/ControlRig_Arrow2_3mm.uexp" 369
"../../../Engine/Plugins/Animation/ControlRig/Content/Controls/ControlRig_Arrow2_1mm.ubulk" 370
"../../../Engine/Plugins/Animation/ControlRig/Content/Controls/ControlRig_Arrow2_1mm.uasset" 371
"../../../Engine/Plugins/Animation/ControlRig/Content/Controls/ControlRig_Arrow2_1mm.uexp" 372
"../../../Engine/Plugins/Animation/ControlRig/Content/Controls/ControlRigXRayMaterial.uasset" 373
"../../../Engine/Plugins/Animation/ControlRig/Content/Controls/ControlRigXRayMaterial.uexp" 374
"../../../Engine/Plugins/Animation/ControlRig/Content/Controls/ControlRigGizmoMaterial.uasset" 375
"../../../Engine/Plugins/Animation/ControlRig/Content/Controls/ControlRigGizmoMaterial.uexp" 376
"../../../Engine/Content/MobileResources/HUD/VirtualJoystick_Background.uasset" 377
"../../../Engine/Content/MobileResources/HUD/VirtualJoystick_Background.uexp" 378
"../../../Engine/Content/MobileResources/HUD/VirtualJoystick_Thumb.uasset" 379
"../../../Engine/Content/MobileResources/HUD/VirtualJoystick_Thumb.uexp" 380
"../../../Engine/Content/MobileResources/HUD/DefaultVirtualJoysticks.uasset" 381
"../../../Engine/Content/MobileResources/HUD/DefaultVirtualJoysticks.uexp" 382
"../../../Engine/Content/Functions/Engine_MaterialFunctions01/Shading/PowerToRoughness.uasset" 383
"../../../Engine/Content/Functions/Engine_MaterialFunctions01/Shading/PowerToRoughness.uexp" 384
"../../../Engine/Content/Functions/Engine_MaterialFunctions01/Shading/ConvertFromDiffSpec.uasset" 385
"../../../Engine/Content/Functions/Engine_MaterialFunctions01/Shading/ConvertFromDiffSpec.uexp" 386
"../../../Engine/Content/EngineSky/VolumetricClouds/CloudWeatherTexture.uasset" 387
"../../../Engine/Content/EngineSky/VolumetricClouds/CloudWeatherTexture.uexp" 388
"../../../Engine/Content/Functions/Engine_MaterialFunctions02/Utility/MakeFloat2.uasset" 389
"../../../Engine/Content/Functions/Engine_MaterialFunctions02/Utility/MakeFloat2.uexp" 390
"../../../Engine/Content/EngineSky/VolumetricClouds/CloudGradientTexture.uasset" 391
"../../../Engine/Content/EngineSky/VolumetricClouds/CloudGradientTexture.uexp" 392
"../../../Engine/Content/EngineSky/VolumetricClouds/T_NoiseShape64.ubulk" 393
"../../../Engine/Content/EngineSky/VolumetricClouds/T_NoiseShape64.uasset" 394
"../../../Engine/Content/EngineSky/VolumetricClouds/T_NoiseShape64.uexp" 395
"../../../Engine/Content/EngineSky/VolumetricClouds/T_VolumeNoiseShape64.uasset" 396
"../../../Engine/Content/EngineSky/VolumetricClouds/T_VolumeNoiseShape64.uexp" 397
"../../../Engine/Content/EngineSky/VolumetricClouds/T_NoiseErosion.ubulk" 398
"../../../Engine/Content/EngineSky/VolumetricClouds/T_NoiseErosion.uasset" 399
"../../../Engine/Content/EngineSky/VolumetricClouds/T_NoiseErosion.uexp" 400
"../../../Engine/Content/EngineSky/VolumetricClouds/T_VolumeNoiseErosion32.uasset" 401
"../../../Engine/Content/EngineSky/VolumetricClouds/T_VolumeNoiseErosion32.uexp" 402
"../../../Engine/Content/EngineSky/VolumetricClouds/m_SimpleVolumetricCloud.uasset" 403
"../../../Engine/Content/EngineSky/VolumetricClouds/m_SimpleVolumetricCloud.uexp" 404
"../../../Engine/Content/EngineSky/VolumetricClouds/m_SimpleVolumetricCloud_Inst.uasset" 405
"../../../Engine/Content/EngineSky/VolumetricClouds/m_SimpleVolumetricCloud_Inst.uexp" 406
"../../../Engine/Content/EngineResources/FilmGrains/Marcie_Grain_v3_128_M2_000.uasset" 407
"../../../Engine/Content/EngineResources/FilmGrains/Marcie_Grain_v3_128_M2_000.uexp" 408
"../../../Engine/Content/EngineResources/WhiteSquareTexture.uasset" 409
"../../../Engine/Content/EngineResources/WhiteSquareTexture.uexp" 410
"../../../Engine/Content/EngineMaterials/Widget3DPassThrough.uasset" 411
"../../../Engine/Content/EngineMaterials/Widget3DPassThrough.uexp" 412
"../../../Engine/Content/EngineMaterials/Widget3DPassThrough_Translucent.uasset" 413
"../../../Engine/Content/EngineMaterials/Widget3DPassThrough_Translucent.uexp" 414
"../../../Engine/Content/EngineMaterials/Widget3DPassThrough_Translucent_OneSided.uasset" 415
"../../../Engine/Content/EngineMaterials/Widget3DPassThrough_Translucent_OneSided.uexp" 416
"../../../Engine/Content/EngineMaterials/Widget3DPassThrough_Opaque.uasset" 417
"../../../Engine/Content/EngineMaterials/Widget3DPassThrough_Opaque.uexp" 418
"../../../Engine/Content/EngineMaterials/Widget3DPassThrough_Opaque_OneSided.uasset" 419
"../../../Engine/Content/EngineMaterials/Widget3DPassThrough_Opaque_OneSided.uexp" 420
"../../../Engine/Content/EngineMaterials/Widget3DPassThrough_Masked_OneSided.uasset" 421
"../../../Engine/Content/EngineMaterials/Widget3DPassThrough_Masked_OneSided.uexp" 422
"../../../Engine/Content/EngineMaterials/Widget3DPassThrough_Masked.uasset" 423
"../../../Engine/Content/EngineMaterials/Widget3DPassThrough_Masked.uexp" 424
"../../../Engine/Content/EngineMaterials/STBlueNoise_vec2_128x128x64.uasset" 425
"../../../Engine/Content/EngineMaterials/STBlueNoise_vec2_128x128x64.uexp" 426
"../../../Engine/Content/EngineMaterials/STBlueNoise_scalar_128x128x64.uasset" 427
"../../../Engine/Content/EngineMaterials/STBlueNoise_scalar_128x128x64.uexp" 428
"../../../Engine/Content/EngineMaterials/RemoveSurfaceMaterial.uasset" 429
"../../../Engine/Content/EngineMaterials/RemoveSurfaceMaterial.uexp" 430
"../../../Engine/Content/EngineMaterials/DefaultCalibrationGrayscale.uasset" 431
"../../../Engine/Content/EngineMaterials/DefaultCalibrationGrayscale.uexp" 432
"../../../Engine/Content/EngineMaterials/PPM_DefaultCalibrationGrayscale.uasset" 433
"../../../Engine/Content/EngineMaterials/PPM_DefaultCalibrationGrayscale.uexp" 434
"../../../Engine/Content/EngineMaterials/DefaultCalibrationColor.uasset" 435
"../../../Engine/Content/EngineMaterials/DefaultCalibrationColor.uexp" 436
"../../../Engine/Content/EngineMaterials/PPM_DefaultCalibrationColor.uasset" 437
"../../../Engine/Content/EngineMaterials/PPM_DefaultCalibrationColor.uexp" 438
"../../../Engine/Content/EngineMaterials/PhAT_JointLimitMaterial.uasset" 439
"../../../Engine/Content/EngineMaterials/PhAT_JointLimitMaterial.uexp" 440
"../../../Engine/Content/EngineMaterials/NaniteHiddenSectionMaterial.uasset" 441
"../../../Engine/Content/EngineMaterials/NaniteHiddenSectionMaterial.uexp" 442
"../../../Engine/Content/EngineMaterials/InvalidLightmapSettings.ubulk" 443
"../../../Engine/Content/EngineMaterials/InvalidLightmapSettings.uasset" 444
"../../../Engine/Content/EngineMaterials/InvalidLightmapSettings.uexp" 445
"../../../Engine/Content/EngineMaterials/M_InvalidLightmapSettings.uasset" 446
"../../../Engine/Content/EngineMaterials/M_InvalidLightmapSettings.uexp" 447
"../../../Engine/Content/EngineMaterials/GizmoMaterial.uasset" 448
"../../../Engine/Content/EngineMaterials/GizmoMaterial.uexp" 449
"../../../Engine/Content/EngineMaterials/BaseFlattenEmissiveMap_VT.uasset" 450
"../../../Engine/Content/EngineMaterials/BaseFlattenEmissiveMap_VT.uexp" 451
"../../../Engine/Content/EngineMaterials/BaseFlattenGrayscaleMap_VT.uasset" 452
"../../../Engine/Content/EngineMaterials/BaseFlattenGrayscaleMap_VT.uexp" 453
"../../../Engine/Content/EngineMaterials/BaseFlattenLinearColor_VT.uasset" 454
"../../../Engine/Content/EngineMaterials/BaseFlattenLinearColor_VT.uexp" 455
"../../../Engine/Content/EngineMaterials/Black_1x1_EXR_Texture_VT.uasset" 456
"../../../Engine/Content/EngineMaterials/Black_1x1_EXR_Texture_VT.uexp" 457
"../../../Engine/Content/EngineMaterials/BaseFlattenDiffuseMap_VT.uasset" 458
"../../../Engine/Content/EngineMaterials/BaseFlattenDiffuseMap_VT.uexp" 459
"../../../Engine/Content/EngineMaterials/BaseFlattenNormalMap_VT.uasset" 460
"../../../Engine/Content/EngineMaterials/BaseFlattenNormalMap_VT.uexp" 461
"../../../Engine/Content/EngineMaterials/FlattenMaterial_WS_Normal_VT.uasset" 462
"../../../Engine/Content/EngineMaterials/FlattenMaterial_WS_Normal_VT.uexp" 463
"../../../Engine/Content/EngineMaterials/FlattenMaterial_VT.uasset" 464
"../../../Engine/Content/EngineMaterials/FlattenMaterial_VT.uexp" 465
"../../../Engine/Content/EngineMaterials/BaseFlattenNormalMap.uasset" 466
"../../../Engine/Content/EngineMaterials/BaseFlattenNormalMap.uexp" 467
"../../../Engine/Content/EngineMaterials/BaseFlattenGrayscaleMap.uasset" 468
"../../../Engine/Content/EngineMaterials/BaseFlattenGrayscaleMap.uexp" 469
"../../../Engine/Content/EngineMaterials/BaseFlattenDiffuseMap.uasset" 470
"../../../Engine/Content/EngineMaterials/BaseFlattenDiffuseMap.uexp" 471
"../../../Engine/Content/Functions/Engine_MaterialFunctions02/PivotPainter2/Black_1x1_EXR_Texture.uasset" 472
"../../../Engine/Content/Functions/Engine_MaterialFunctions02/PivotPainter2/Black_1x1_EXR_Texture.uexp" 473
"../../../Engine/Content/EngineMaterials/BaseFlattenEmissiveMap.uasset" 474
"../../../Engine/Content/EngineMaterials/BaseFlattenEmissiveMap.uexp" 475
"../../../Engine/Content/EngineMaterials/BaseFlattenLinearColor.uasset" 476
"../../../Engine/Content/EngineMaterials/BaseFlattenLinearColor.uexp" 477
"../../../Engine/Content/EngineMaterials/FlattenMaterial.uasset" 478
"../../../Engine/Content/EngineMaterials/FlattenMaterial.uexp" 479
"../../../Engine/Content/EngineMaterials/DefaultWhiteGrid_Low.uasset" 480
"../../../Engine/Content/EngineMaterials/DefaultWhiteGrid_Low.uexp" 481
"../../../Engine/Content/EngineMaterials/EmissiveMeshMaterial.uasset" 482
"../../../Engine/Content/EngineMaterials/EmissiveMeshMaterial.uexp" 483
"../../../Engine/Content/EngineFonts/RobotoDistanceField.uasset" 484
"../../../Engine/Content/EngineFonts/RobotoDistanceField.uexp" 485
"../../../Engine/Content/EngineMaterials/DefaultTextMaterialOpaque.uasset" 486
"../../../Engine/Content/EngineMaterials/DefaultTextMaterialOpaque.uexp" 487
"../../../Engine/Content/EngineMaterials/DefaultDiffuse.ubulk" 488
"../../../Engine/Content/EngineMaterials/DefaultDiffuse.uasset" 489
"../../../Engine/Content/EngineMaterials/DefaultDiffuse.uexp" 490
"../../../Engine/Content/Functions/Engine_MaterialFunctions02/Utility/BreakOutFloat2Components.uasset" 491
"../../../Engine/Content/Functions/Engine_MaterialFunctions02/Utility/BreakOutFloat2Components.uexp" 492
"../../../Engine/Content/EngineMaterials/DefaultPostProcessMaterial.uasset" 493
"../../../Engine/Content/EngineMaterials/DefaultPostProcessMaterial.uexp" 494
"../../../Engine/Content/EngineMaterials/DefaultPhysicalMaterial.uasset" 495
"../../../Engine/Content/EngineMaterials/DefaultPhysicalMaterial.uexp" 496
"../../../Engine/Content/EngineMaterials/DefaultLightFunctionMaterial.uasset" 497
"../../../Engine/Content/EngineMaterials/DefaultLightFunctionMaterial.uexp" 498
"../../../Engine/Content/EngineMaterials/DefaultDestructiblePhysicalMaterial.uasset" 499
"../../../Engine/Content/EngineMaterials/DefaultDestructiblePhysicalMaterial.uexp" 500
"../../../Engine/Content/EngineMaterials/DefaultDeferredDecalMaterial.uasset" 501
"../../../Engine/Content/EngineMaterials/DefaultDeferredDecalMaterial.uexp" 502
"../../../Engine/Content/EngineMaterials/DefaultBloomKernel.uasset" 503
"../../../Engine/Content/EngineMaterials/DefaultBloomKernel.uexp" 504
"../../../Engine/Content/EngineFonts/Faces/RobotoLight.uexp" 505
"../../../Engine/Content/EngineFonts/Faces/RobotoLight.uasset" 506
"../../../Engine/Content/EngineFonts/Faces/RobotoLight.ufont" 507
"../../../Engine/Content/EngineFonts/Faces/RobotoBold.uexp" 508
"../../../Engine/Content/EngineFonts/Faces/RobotoBold.uasset" 509
"../../../Engine/Content/EngineFonts/Faces/RobotoBold.ufont" 510
"../../../Engine/Content/EngineFonts/Faces/RobotoRegular.uexp" 511
"../../../Engine/Content/EngineFonts/Faces/RobotoRegular.uasset" 512
"../../../Engine/Content/EngineFonts/Faces/RobotoRegular.ufont" 513
"../../../Engine/Content/EngineFonts/Faces/DroidSansFallback.uexp" 514
"../../../Engine/Content/EngineFonts/Faces/DroidSansFallback.uasset" 515
"../../../Engine/Content/EngineFonts/Faces/DroidSansFallback.ufont" 516
"../../../Engine/Content/EngineFonts/Faces/RobotoItalic.uexp" 517
"../../../Engine/Content/EngineFonts/Faces/RobotoItalic.uasset" 518
"../../../Engine/Content/EngineFonts/Faces/RobotoItalic.ufont" 519
"../../../Engine/Content/EngineFonts/Faces/RobotoBoldItalic.uexp" 520
"../../../Engine/Content/EngineFonts/Faces/RobotoBoldItalic.uasset" 521
"../../../Engine/Content/EngineFonts/Faces/RobotoBoldItalic.ufont" 522
"../../../Engine/Content/EngineFonts/Roboto.uasset" 523
"../../../Engine/Content/EngineFonts/Roboto.uexp" 524
"../../../Engine/Content/Functions/Engine_MaterialFunctions02/Utility/CameraDirectionVector.uasset" 525
"../../../Engine/Content/Functions/Engine_MaterialFunctions02/Utility/CameraDirectionVector.uexp" 526
"../../../Engine/Content/EngineDebugMaterials/VolumeToRender.uasset" 527
"../../../Engine/Content/EngineDebugMaterials/VolumeToRender.uexp" 528
"../../../Engine/Content/EngineDebugMaterials/M_VolumeRenderSphereTracePP.uasset" 529
"../../../Engine/Content/EngineDebugMaterials/M_VolumeRenderSphereTracePP.uexp" 530
"../../../Engine/Content/EngineDebugMaterials/M_SimpleUnlitTranslucent.uasset" 531
"../../../Engine/Content/EngineDebugMaterials/M_SimpleUnlitTranslucent.uexp" 532
"../../../Engine/Content/EngineDebugMaterials/DebugMeshMaterial.uasset" 533
"../../../Engine/Content/EngineDebugMaterials/DebugMeshMaterial.uexp" 534
"../../../Engine/Content/EngineDebugMaterials/DebugEditorMaterial.uasset" 535
"../../../Engine/Content/EngineDebugMaterials/DebugEditorMaterial.uexp" 536
"../../../Engine/Content/EngineDamageTypes/DmgTypeBP_Environmental.uasset" 537
"../../../Engine/Content/EngineDamageTypes/DmgTypeBP_Environmental.uexp" 538
"../../../Engine/Content/EditorResources/EmptyActor.uasset" 539
"../../../Engine/Content/EditorResources/EmptyActor.uexp" 540
"../../../Engine/Content/EditorResources/BSPVertex.uasset" 541
"../../../Engine/Content/EditorResources/BSPVertex.uexp" 542
"../../../Engine/Content/EditorResources/SequenceRecorder/RecordingIndicator.uasset" 543
"../../../Engine/Content/EditorResources/SequenceRecorder/RecordingIndicator.uexp" 544
"../../../Engine/Content/EditorResources/SequenceRecorder/Countdown.uasset" 545
"../../../Engine/Content/EditorResources/SequenceRecorder/Countdown.uexp" 546
"../../../Engine/Content/EditorResources/LightIcons/S_LightError.uasset" 547
"../../../Engine/Content/EditorResources/LightIcons/S_LightError.uexp" 548
"../../../Engine/Content/EditorMaterials/PreviewShadowIndicator.ubulk" 549
"../../../Engine/Content/EditorMaterials/PreviewShadowIndicator.uasset" 550
"../../../Engine/Content/EditorMaterials/PreviewShadowIndicator.uexp" 551
"../../../Engine/Content/EditorMaterials/PreviewShadowIndicatorMaterial.uasset" 552
"../../../Engine/Content/EditorMaterials/PreviewShadowIndicatorMaterial.uexp" 553
"../../../Engine/Content/EditorMaterials/PhAT_UnselectedMaterial.uasset" 554
"../../../Engine/Content/EditorMaterials/PhAT_UnselectedMaterial.uexp" 555
"../../../Engine/Content/EditorMaterials/PhAT_NoCollisionMaterial.uasset" 556
"../../../Engine/Content/EditorMaterials/PhAT_NoCollisionMaterial.uexp" 557
"../../../Engine/Content/EditorLandscapeResources/DefaultAlphaTexture.uasset" 558
"../../../Engine/Content/EditorLandscapeResources/DefaultAlphaTexture.uexp" 559
"../../../Engine/Content/EditorLandscapeResources/DataLayer.uasset" 560
"../../../Engine/Content/EditorLandscapeResources/DataLayer.uexp" 561
"D:/Profiles/sth5166/Documents/GitHub/Unreal-facetracking-client/Content/StarterContent/Textures/T_Chair_N.ubulk" 562
"D:/Profiles/sth5166/Documents/GitHub/Unreal-facetracking-client/Content/StarterContent/Textures/T_Chair_N.uasset" 563
"D:/Profiles/sth5166/Documents/GitHub/Unreal-facetracking-client/Content/StarterContent/Textures/T_Chair_N.uexp" 564
"D:/Profiles/sth5166/Documents/GitHub/Unreal-facetracking-client/Content/StarterContent/Textures/T_Chair_M.ubulk" 565
"D:/Profiles/sth5166/Documents/GitHub/Unreal-facetracking-client/Content/StarterContent/Textures/T_Chair_M.uasset" 566
"D:/Profiles/sth5166/Documents/GitHub/Unreal-facetracking-client/Content/StarterContent/Textures/T_Chair_M.uexp" 567
"D:/Profiles/sth5166/Documents/GitHub/Unreal-facetracking-client/Content/StarterContent/Props/Materials/M_Chair.uasset" 568
"D:/Profiles/sth5166/Documents/GitHub/Unreal-facetracking-client/Content/StarterContent/Props/Materials/M_Chair.uexp" 569
"D:/Profiles/sth5166/Documents/GitHub/Unreal-facetracking-client/Content/Presets/GraphicsStruct.uasset" 570
"D:/Profiles/sth5166/Documents/GitHub/Unreal-facetracking-client/Content/Presets/GraphicsStruct.uexp" 571
"D:/Profiles/sth5166/Documents/GitHub/Unreal-facetracking-client/Content/Presets/HeadT_Presets.uasset" 572
"D:/Profiles/sth5166/Documents/GitHub/Unreal-facetracking-client/Content/Presets/HeadT_Presets.uexp" 573
"../../../Engine/Content/EditorBlueprintResources/StandardMacros.uasset" 574
"../../../Engine/Content/EditorBlueprintResources/StandardMacros.uexp" 575
"D:/Profiles/sth5166/Documents/GitHub/Unreal-facetracking-client/Content/Presets/CameraPresets.uasset" 576
"D:/Profiles/sth5166/Documents/GitHub/Unreal-facetracking-client/Content/Presets/CameraPresets.uexp" 577
"D:/Profiles/sth5166/Documents/GitHub/Unreal-facetracking-client/Content/Widgets/TweakMenu.uasset" 578
"D:/Profiles/sth5166/Documents/GitHub/Unreal-facetracking-client/Content/Widgets/TweakMenu.uexp" 579
"D:/Profiles/sth5166/Documents/GitHub/Unreal-facetracking-client/Content/Levels/LevelSettings.uasset" 580
"D:/Profiles/sth5166/Documents/GitHub/Unreal-facetracking-client/Content/Levels/LevelSettings.uexp" 581
"D:/Profiles/sth5166/Documents/GitHub/Unreal-facetracking-client/Content/Widgets/PauseMenu.uasset" 582
"D:/Profiles/sth5166/Documents/GitHub/Unreal-facetracking-client/Content/Widgets/PauseMenu.uexp" 583
"../../../Engine/Content/EngineSky/T_Sky_Stars.ubulk" 584
"../../../Engine/Content/EngineSky/T_Sky_Stars.uasset" 585
"../../../Engine/Content/EngineSky/T_Sky_Stars.uexp" 586
"../../../Engine/Content/EngineSky/T_Sky_Clouds_M.ubulk" 587
"../../../Engine/Content/EngineSky/T_Sky_Clouds_M.uasset" 588
"../../../Engine/Content/EngineSky/T_Sky_Clouds_M.uexp" 589
"../../../Engine/Content/EngineSky/T_Sky_Blue.ubulk" 590
"../../../Engine/Content/EngineSky/T_Sky_Blue.uasset" 591
"../../../Engine/Content/EngineSky/T_Sky_Blue.uexp" 592
"../../../Engine/Content/EngineSky/M_Sky_Panning_Clouds2.uasset" 593
"../../../Engine/Content/EngineSky/M_Sky_Panning_Clouds2.uexp" 594
"../../../Engine/Content/EngineSky/SM_SkySphere.ubulk" 595
"../../../Engine/Content/EngineSky/SM_SkySphere.uasset" 596
"../../../Engine/Content/EngineSky/SM_SkySphere.uexp" 597
"D:/Profiles/sth5166/Documents/GitHub/Unreal-facetracking-client/Content/Models/GeneralProps/Props_low_Barrel_low.ubulk" 598
"D:/Profiles/sth5166/Documents/GitHub/Unreal-facetracking-client/Content/Models/GeneralProps/Props_low_Barrel_low.uasset" 599
"D:/Profiles/sth5166/Documents/GitHub/Unreal-facetracking-client/Content/Models/GeneralProps/Props_low_Barrel_low.uexp" 600
"D:/Profiles/sth5166/Documents/GitHub/Unreal-facetracking-client/Content/Levels/OpenWorld_BuiltData.ubulk" 601
"D:/Profiles/sth5166/Documents/GitHub/Unreal-facetracking-client/Content/Levels/OpenWorld_BuiltData.uasset" 602
"D:/Profiles/sth5166/Documents/GitHub/Unreal-facetracking-client/Content/Levels/OpenWorld_BuiltData.uexp" 603
"D:/Profiles/sth5166/Documents/GitHub/Unreal-facetracking-client/Content/StarterContent/Materials/M_Basic_Floor.uasset" 604
"D:/Profiles/sth5166/Documents/GitHub/Unreal-facetracking-client/Content/StarterContent/Materials/M_Basic_Floor.uexp" 605
"D:/Profiles/sth5166/Documents/GitHub/Unreal-facetracking-client/Content/StarterContent/Architecture/Floor_400x400.ubulk" 606
"D:/Profiles/sth5166/Documents/GitHub/Unreal-facetracking-client/Content/StarterContent/Architecture/Floor_400x400.uasset" 607
"D:/Profiles/sth5166/Documents/GitHub/Unreal-facetracking-client/Content/StarterContent/Architecture/Floor_400x400.uexp" 608
"D:/Profiles/sth5166/Documents/GitHub/Unreal-facetracking-client/Content/StarterContent/Textures/T_Ceramic_Tile_M.ubulk" 609
"D:/Profiles/sth5166/Documents/GitHub/Unreal-facetracking-client/Content/StarterContent/Textures/T_Ceramic_Tile_M.uasset" 610
"D:/Profiles/sth5166/Documents/GitHub/Unreal-facetracking-client/Content/StarterContent/Textures/T_Ceramic_Tile_M.uexp" 611
"D:/Profiles/sth5166/Documents/GitHub/Unreal-facetracking-client/Content/StarterContent/Textures/T_Rock_Marble_Polished_D.ubulk" 612
"D:/Profiles/sth5166/Documents/GitHub/Unreal-facetracking-client/Content/StarterContent/Textures/T_Rock_Marble_Polished_D.uasset" 613
"D:/Profiles/sth5166/Documents/GitHub/Unreal-facetracking-client/Content/StarterContent/Textures/T_Rock_Marble_Polished_D.uexp" 614
"D:/Profiles/sth5166/Documents/GitHub/Unreal-facetracking-client/Content/StarterContent/Textures/T_Ceramic_Tile_N.ubulk" 615
"D:/Profiles/sth5166/Documents/GitHub/Unreal-facetracking-client/Content/StarterContent/Textures/T_Ceramic_Tile_N.uasset" 616
"D:/Profiles/sth5166/Documents/GitHub/Unreal-facetracking-client/Content/StarterContent/Textures/T_Ceramic_Tile_N.uexp" 617
"D:/Profiles/sth5166/Documents/GitHub/Unreal-facetracking-client/Content/StarterContent/Textures/T_Perlin_Noise_M.ubulk" 618
"D:/Profiles/sth5166/Documents/GitHub/Unreal-facetracking-client/Content/StarterContent/Textures/T_Perlin_Noise_M.uasset" 619
"D:/Profiles/sth5166/Documents/GitHub/Unreal-facetracking-client/Content/StarterContent/Textures/T_Perlin_Noise_M.uexp" 620
"D:/Profiles/sth5166/Documents/GitHub/Unreal-facetracking-client/Content/StarterContent/Materials/M_Ceramic_Tile_Checker.uasset" 621
"D:/Profiles/sth5166/Documents/GitHub/Unreal-facetracking-client/Content/StarterContent/Materials/M_Ceramic_Tile_Checker.uexp" 622
"D:/Profiles/sth5166/Documents/GitHub/Unreal-facetracking-client/Content/StarterContent/Textures/T_TableRound_N.ubulk" 623
"D:/Profiles/sth5166/Documents/GitHub/Unreal-facetracking-client/Content/StarterContent/Textures/T_TableRound_N.uasset" 624
"D:/Profiles/sth5166/Documents/GitHub/Unreal-facetracking-client/Content/StarterContent/Textures/T_TableRound_N.uexp" 625
"D:/Profiles/sth5166/Documents/GitHub/Unreal-facetracking-client/Content/StarterContent/Textures/T_TableRound_M.ubulk" 626
"D:/Profiles/sth5166/Documents/GitHub/Unreal-facetracking-client/Content/StarterContent/Textures/T_TableRound_M.uasset" 627
"D:/Profiles/sth5166/Documents/GitHub/Unreal-facetracking-client/Content/StarterContent/Textures/T_TableRound_M.uexp" 628
"D:/Profiles/sth5166/Documents/GitHub/Unreal-facetracking-client/Content/StarterContent/Props/Materials/M_TableRound.uasset" 629
"D:/Profiles/sth5166/Documents/GitHub/Unreal-facetracking-client/Content/StarterContent/Props/Materials/M_TableRound.uexp" 630
"D:/Profiles/sth5166/Documents/GitHub/Unreal-facetracking-client/Content/StarterContent/Props/SM_TableRound.ubulk" 631
"D:/Profiles/sth5166/Documents/GitHub/Unreal-facetracking-client/Content/StarterContent/Props/SM_TableRound.uasset" 632
"D:/Profiles/sth5166/Documents/GitHub/Unreal-facetracking-client/Content/StarterContent/Props/SM_TableRound.uexp" 633
"D:/Profiles/sth5166/Documents/GitHub/Unreal-facetracking-client/Content/InputManager.uasset" 634
"D:/Profiles/sth5166/Documents/GitHub/Unreal-facetracking-client/Content/InputManager.uexp" 635
"D:/Profiles/sth5166/Documents/GitHub/Unreal-facetracking-client/Content/StarterContent/Textures/T_Statue_M.ubulk" 636
"D:/Profiles/sth5166/Documents/GitHub/Unreal-facetracking-client/Content/StarterContent/Textures/T_Statue_M.uasset" 637
"D:/Profiles/sth5166/Documents/GitHub/Unreal-facetracking-client/Content/StarterContent/Textures/T_Statue_M.uexp" 638
"D:/Profiles/sth5166/Documents/GitHub/Unreal-facetracking-client/Content/StarterContent/Textures/T_Statue_N.ubulk" 639
"D:/Profiles/sth5166/Documents/GitHub/Unreal-facetracking-client/Content/StarterContent/Textures/T_Statue_N.uasset" 640
"D:/Profiles/sth5166/Documents/GitHub/Unreal-facetracking-client/Content/StarterContent/Textures/T_Statue_N.uexp" 641
"D:/Profiles/sth5166/Documents/GitHub/Unreal-facetracking-client/Content/StarterContent/Props/Materials/M_Statue.uasset" 642
"D:/Profiles/sth5166/Documents/GitHub/Unreal-facetracking-client/Content/StarterContent/Props/Materials/M_Statue.uexp" 643
"D:/Profiles/sth5166/Documents/GitHub/Unreal-facetracking-client/Content/StarterContent/Props/Materials/M_StatueGlass.uasset" 644
"D:/Profiles/sth5166/Documents/GitHub/Unreal-facetracking-client/Content/StarterContent/Props/Materials/M_StatueGlass.uexp" 645
"D:/Profiles/sth5166/Documents/GitHub/Unreal-facetracking-client/Content/StarterContent/Props/SM_Statue.ubulk" 646
"D:/Profiles/sth5166/Documents/GitHub/Unreal-facetracking-client/Content/StarterContent/Props/SM_Statue.uasset" 647
"D:/Profiles/sth5166/Documents/GitHub/Unreal-facetracking-client/Content/StarterContent/Props/SM_Statue.uexp" 648
"D:/Profiles/sth5166/Documents/GitHub/Unreal-facetracking-client/Content/Models/GeneralProps/Props_low_lambert1_BaseColor.ubulk" 649
"D:/Profiles/sth5166/Documents/GitHub/Unreal-facetracking-client/Content/Models/GeneralProps/Props_low_lambert1_BaseColor.uasset" 650
"D:/Profiles/sth5166/Documents/GitHub/Unreal-facetracking-client/Content/Models/GeneralProps/Props_low_lambert1_BaseColor.uexp" 651
"D:/Profiles/sth5166/Documents/GitHub/Unreal-facetracking-client/Content/Models/GeneralProps/Tree_material.uasset" 652
"D:/Profiles/sth5166/Documents/GitHub/Unreal-facetracking-client/Content/Models/GeneralProps/Tree_material.uexp" 653
"D:/Profiles/sth5166/Documents/GitHub/Unreal-facetracking-client/Content/StarterContent/Textures/T_Metal_Gold_N.ubulk" 654
"D:/Profiles/sth5166/Documents/GitHub/Unreal-facetracking-client/Content/StarterContent/Textures/T_Metal_Gold_N.uasset" 655
"D:/Profiles/sth5166/Documents/GitHub/Unreal-facetracking-client/Content/StarterContent/Textures/T_Metal_Gold_N.uexp" 656
"D:/Profiles/sth5166/Documents/GitHub/Unreal-facetracking-client/Content/StarterContent/Textures/T_Metal_Aluminum_D.ubulk" 657
"D:/Profiles/sth5166/Documents/GitHub/Unreal-facetracking-client/Content/StarterContent/Textures/T_Metal_Aluminum_D.uasset" 658
"D:/Profiles/sth5166/Documents/GitHub/Unreal-facetracking-client/Content/StarterContent/Textures/T_Metal_Aluminum_D.uexp" 659
"D:/Profiles/sth5166/Documents/GitHub/Unreal-facetracking-client/Content/StarterContent/Textures/T_MacroVariation.uasset" 660
"D:/Profiles/sth5166/Documents/GitHub/Unreal-facetracking-client/Content/StarterContent/Textures/T_MacroVariation.uexp" 661
"D:/Profiles/sth5166/Documents/GitHub/Unreal-facetracking-client/Content/StarterContent/Materials/M_Metal_Burnished_Steel.uasset" 662
"D:/Profiles/sth5166/Documents/GitHub/Unreal-facetracking-client/Content/StarterContent/Materials/M_Metal_Burnished_Steel.uexp" 663
"D:/Profiles/sth5166/Documents/GitHub/Unreal-facetracking-client/Content/StarterContent/Props/SM_Chair.ubulk" 664
"D:/Profiles/sth5166/Documents/GitHub/Unreal-facetracking-client/Content/StarterContent/Props/SM_Chair.uasset" 665
"D:/Profiles/sth5166/Documents/GitHub/Unreal-facetracking-client/Content/StarterContent/Props/SM_Chair.uexp" 666
"D:/Profiles/sth5166/Documents/GitHub/Unreal-facetracking-client/Content/Levels/OpenWorld.uexp" 667
"D:/Profiles/sth5166/Documents/GitHub/Unreal-facetracking-client/Content/Levels/OpenWorld.umap" 668
"../../../Engine/Content/BasicShapes/Cylinder.ubulk" 669
"../../../Engine/Content/BasicShapes/Cylinder.uasset" 670
"../../../Engine/Content/BasicShapes/Cylinder.uexp" 671
"D:/Profiles/sth5166/Documents/GitHub/Unreal-facetracking-client/Content/Models/Kettle/Kettle_Main_Body_Low.ubulk" 672
"D:/Profiles/sth5166/Documents/GitHub/Unreal-facetracking-client/Content/Models/Kettle/Kettle_Main_Body_Low.uasset" 673
"D:/Profiles/sth5166/Documents/GitHub/Unreal-facetracking-client/Content/Models/Kettle/Kettle_Main_Body_Low.uexp" 674
"../../../Engine/Content/EngineMaterials/BlendFunc_DefBlend.uasset" 675
"../../../Engine/Content/EngineMaterials/BlendFunc_DefBlend.uexp" 676
"../../../Engine/Content/EngineMaterials/BlendFunc_DefBase.uasset" 677
"../../../Engine/Content/EngineMaterials/BlendFunc_DefBase.uexp" 678
"../../../Engine/Content/Functions/Engine_MaterialFunctions03/Blends/Blend_Overlay.uasset" 679
"../../../Engine/Content/Functions/Engine_MaterialFunctions03/Blends/Blend_Overlay.uexp" 680
"../../../Engine/Content/OpenWorldTemplate/LandscapeMaterial/T_GridChecker_A.ubulk" 681
"../../../Engine/Content/OpenWorldTemplate/LandscapeMaterial/T_GridChecker_A.uasset" 682
"../../../Engine/Content/OpenWorldTemplate/LandscapeMaterial/T_GridChecker_A.uexp" 683
"../../../Engine/Content/Functions/Engine_MaterialFunctions02/Utility/MakeFloat3.uasset" 684
"../../../Engine/Content/Functions/Engine_MaterialFunctions02/Utility/MakeFloat3.uexp" 685
"../../../Engine/Content/Functions/Engine_MaterialFunctions01/Gradient/LinearGradient.uasset" 686
"../../../Engine/Content/Functions/Engine_MaterialFunctions01/Gradient/LinearGradient.uexp" 687
"../../../Engine/Content/Functions/Engine_MaterialFunctions01/ImageAdjustment/CheapContrast.uasset" 688
"../../../Engine/Content/Functions/Engine_MaterialFunctions01/ImageAdjustment/CheapContrast.uexp" 689
"../../../Engine/Content/OpenWorldTemplate/LandscapeMaterial/MF_ProcGrid.uasset" 690
"../../../Engine/Content/OpenWorldTemplate/LandscapeMaterial/MF_ProcGrid.uexp" 691
"../../../Engine/Content/OpenWorldTemplate/LandscapeMaterial/M_ProcGrid.uasset" 692
"../../../Engine/Content/OpenWorldTemplate/LandscapeMaterial/M_ProcGrid.uexp" 693
"../../../Engine/Content/OpenWorldTemplate/LandscapeMaterial/MI_ProcGrid.uasset" 694
"../../../Engine/Content/OpenWorldTemplate/LandscapeMaterial/MI_ProcGrid.uexp" 695
"D:/Profiles/sth5166/Documents/GitHub/Unreal-facetracking-client/Content/StarterContent/Props/MaterialSphere.ubulk" 696
"D:/Profiles/sth5166/Documents/GitHub/Unreal-facetracking-client/Content/StarterContent/Props/MaterialSphere.uasset" 697
"D:/Profiles/sth5166/Documents/GitHub/Unreal-facetracking-client/Content/StarterContent/Props/MaterialSphere.uexp" 698
"D:/Profiles/sth5166/Documents/GitHub/Unreal-facetracking-client/Content/_GENERATED/sth5166/CubeGridToolOutput_F1EA6400.ubulk" 699
"D:/Profiles/sth5166/Documents/GitHub/Unreal-facetracking-client/Content/_GENERATED/sth5166/CubeGridToolOutput_F1EA6400.uasset" 700
"D:/Profiles/sth5166/Documents/GitHub/Unreal-facetracking-client/Content/_GENERATED/sth5166/CubeGridToolOutput_F1EA6400.uexp" 701
"../../../Engine/Content/Functions/Engine_MaterialFunctions02/Utility/BlendAngleCorrectedNormals.uasset" 702
"../../../Engine/Content/Functions/Engine_MaterialFunctions02/Utility/BlendAngleCorrectedNormals.uexp" 703
"D:/Profiles/sth5166/Documents/GitHub/Unreal-facetracking-client/Content/StarterContent/Textures/T_Metal_Rust_N.ubulk" 704
"D:/Profiles/sth5166/Documents/GitHub/Unreal-facetracking-client/Content/StarterContent/Textures/T_Metal_Rust_N.uasset" 705
"D:/Profiles/sth5166/Documents/GitHub/Unreal-facetracking-client/Content/StarterContent/Textures/T_Metal_Rust_N.uexp" 706
"D:/Profiles/sth5166/Documents/GitHub/Unreal-facetracking-client/Content/StarterContent/Textures/T_Metal_Rust_D.ubulk" 707
"D:/Profiles/sth5166/Documents/GitHub/Unreal-facetracking-client/Content/StarterContent/Textures/T_Metal_Rust_D.uasset" 708
"D:/Profiles/sth5166/Documents/GitHub/Unreal-facetracking-client/Content/StarterContent/Textures/T_Metal_Rust_D.uexp" 709
"D:/Profiles/sth5166/Documents/GitHub/Unreal-facetracking-client/Content/StarterContent/Materials/M_Metal_Rust.uasset" 710
"D:/Profiles/sth5166/Documents/GitHub/Unreal-facetracking-client/Content/StarterContent/Materials/M_Metal_Rust.uexp" 711
"D:/Profiles/sth5166/Documents/GitHub/Unreal-facetracking-client/Content/_GENERATED/sth5166/CubeGridToolOutput_CF9F7E35.ubulk" 712
"D:/Profiles/sth5166/Documents/GitHub/Unreal-facetracking-client/Content/_GENERATED/sth5166/CubeGridToolOutput_CF9F7E35.uasset" 713
"D:/Profiles/sth5166/Documents/GitHub/Unreal-facetracking-client/Content/_GENERATED/sth5166/CubeGridToolOutput_CF9F7E35.uexp" 714
"D:/Profiles/sth5166/Documents/GitHub/Unreal-facetracking-client/Content/StarterContent/Textures/T_Lamp_N.ubulk" 715
"D:/Profiles/sth5166/Documents/GitHub/Unreal-facetracking-client/Content/StarterContent/Textures/T_Lamp_N.uasset" 716
"D:/Profiles/sth5166/Documents/GitHub/Unreal-facetracking-client/Content/StarterContent/Textures/T_Lamp_N.uexp" 717
"D:/Profiles/sth5166/Documents/GitHub/Unreal-facetracking-client/Content/StarterContent/Textures/T_Lamp_M.ubulk" 718
"D:/Profiles/sth5166/Documents/GitHub/Unreal-facetracking-client/Content/StarterContent/Textures/T_Lamp_M.uasset" 719
"D:/Profiles/sth5166/Documents/GitHub/Unreal-facetracking-client/Content/StarterContent/Textures/T_Lamp_M.uexp" 720
"D:/Profiles/sth5166/Documents/GitHub/Unreal-facetracking-client/Content/StarterContent/Props/Materials/M_Lamp.uasset" 721
"D:/Profiles/sth5166/Documents/GitHub/Unreal-facetracking-client/Content/StarterContent/Props/Materials/M_Lamp.uexp" 722
"D:/Profiles/sth5166/Documents/GitHub/Unreal-facetracking-client/Content/StarterContent/Props/SM_Lamp_Ceiling.ubulk" 723
"D:/Profiles/sth5166/Documents/GitHub/Unreal-facetracking-client/Content/StarterContent/Props/SM_Lamp_Ceiling.uasset" 724
"D:/Profiles/sth5166/Documents/GitHub/Unreal-facetracking-client/Content/StarterContent/Props/SM_Lamp_Ceiling.uexp" 725
"D:/Profiles/sth5166/Documents/GitHub/Unreal-facetracking-client/Content/StarterContent/Textures/T_Tech_Hex_Tile_M.ubulk" 726
"D:/Profiles/sth5166/Documents/GitHub/Unreal-facetracking-client/Content/StarterContent/Textures/T_Tech_Hex_Tile_M.uasset" 727
"D:/Profiles/sth5166/Documents/GitHub/Unreal-facetracking-client/Content/StarterContent/Textures/T_Tech_Hex_Tile_M.uexp" 728
"D:/Profiles/sth5166/Documents/GitHub/Unreal-facetracking-client/Content/StarterContent/Textures/T_Tech_Hex_Tile_N.ubulk" 729
"D:/Profiles/sth5166/Documents/GitHub/Unreal-facetracking-client/Content/StarterContent/Textures/T_Tech_Hex_Tile_N.uasset" 730
"D:/Profiles/sth5166/Documents/GitHub/Unreal-facetracking-client/Content/StarterContent/Textures/T_Tech_Hex_Tile_N.uexp" 731
"D:/Profiles/sth5166/Documents/GitHub/Unreal-facetracking-client/Content/StarterContent/Materials/M_Tech_Hex_Tile.uasset" 732
"D:/Profiles/sth5166/Documents/GitHub/Unreal-facetracking-client/Content/StarterContent/Materials/M_Tech_Hex_Tile.uexp" 733
"D:/Profiles/sth5166/Documents/GitHub/Unreal-facetracking-client/Content/_GENERATED/sth5166/CubeGridToolOutput_5B644228.ubulk" 734
"D:/Profiles/sth5166/Documents/GitHub/Unreal-facetracking-client/Content/_GENERATED/sth5166/CubeGridToolOutput_5B644228.uasset" 735
"D:/Profiles/sth5166/Documents/GitHub/Unreal-facetracking-client/Content/_GENERATED/sth5166/CubeGridToolOutput_5B644228.uexp" 736
"D:/Profiles/sth5166/Documents/GitHub/Unreal-facetracking-client/Content/Models/Kettle/Kettle_Lid_Low.ubulk" 737
"D:/Profiles/sth5166/Documents/GitHub/Unreal-facetracking-client/Content/Models/Kettle/Kettle_Lid_Low.uasset" 738
"D:/Profiles/sth5166/Documents/GitHub/Unreal-facetracking-client/Content/Models/Kettle/Kettle_Lid_Low.uexp" 739
"D:/Profiles/sth5166/Documents/GitHub/Unreal-facetracking-client/Content/Models/Kettle/Kettle_Wooden_Handle_Low.ubulk" 740
"D:/Profiles/sth5166/Documents/GitHub/Unreal-facetracking-client/Content/Models/Kettle/Kettle_Wooden_Handle_Low.uasset" 741
"D:/Profiles/sth5166/Documents/GitHub/Unreal-facetracking-client/Content/Models/Kettle/Kettle_Wooden_Handle_Low.uexp" 742
"D:/Profiles/sth5166/Documents/GitHub/Unreal-facetracking-client/Content/Models/Target/Archery_Target_Target_Normal.ubulk" 743
"D:/Profiles/sth5166/Documents/GitHub/Unreal-facetracking-client/Content/Models/Target/Archery_Target_Target_Normal.uasset" 744
"D:/Profiles/sth5166/Documents/GitHub/Unreal-facetracking-client/Content/Models/Target/Archery_Target_Target_Normal.uexp" 745
"D:/Profiles/sth5166/Documents/GitHub/Unreal-facetracking-client/Content/Models/Target/Archery_Target_Target_Roughness.ubulk" 746
"D:/Profiles/sth5166/Documents/GitHub/Unreal-facetracking-client/Content/Models/Target/Archery_Target_Target_Roughness.uasset" 747
"D:/Profiles/sth5166/Documents/GitHub/Unreal-facetracking-client/Content/Models/Target/Archery_Target_Target_Roughness.uexp" 748
"D:/Profiles/sth5166/Documents/GitHub/Unreal-facetracking-client/Content/Models/Target/Archery_Target_Target_BaseColor.ubulk" 749
"D:/Profiles/sth5166/Documents/GitHub/Unreal-facetracking-client/Content/Models/Target/Archery_Target_Target_BaseColor.uasset" 750
"D:/Profiles/sth5166/Documents/GitHub/Unreal-facetracking-client/Content/Models/Target/Archery_Target_Target_BaseColor.uexp" 751
"D:/Profiles/sth5166/Documents/GitHub/Unreal-facetracking-client/Content/Models/Target/Archery_Target_Target_Metallic.ubulk" 752
"D:/Profiles/sth5166/Documents/GitHub/Unreal-facetracking-client/Content/Models/Target/Archery_Target_Target_Metallic.uasset" 753
"D:/Profiles/sth5166/Documents/GitHub/Unreal-facetracking-client/Content/Models/Target/Archery_Target_Target_Metallic.uexp" 754
"D:/Profiles/sth5166/Documents/GitHub/Unreal-facetracking-client/Content/Models/Target/Target_material.uasset" 755
"D:/Profiles/sth5166/Documents/GitHub/Unreal-facetracking-client/Content/Models/Target/Target_material.uexp" 756
"D:/Profiles/sth5166/Documents/GitHub/Unreal-facetracking-client/Content/Models/Kettle/Kettle_Nose_Low.ubulk" 757
"D:/Profiles/sth5166/Documents/GitHub/Unreal-facetracking-client/Content/Models/Kettle/Kettle_Nose_Low.uasset" 758
"D:/Profiles/sth5166/Documents/GitHub/Unreal-facetracking-client/Content/Models/Kettle/Kettle_Nose_Low.uexp" 759
"D:/Profiles/sth5166/Documents/GitHub/Unreal-facetracking-client/Content/Levels/_GENERATED/sth5166/CubeGridToolOutput_11FBAA20.ubulk" 760
"D:/Profiles/sth5166/Documents/GitHub/Unreal-facetracking-client/Content/Levels/_GENERATED/sth5166/CubeGridToolOutput_11FBAA20.uasset" 761
"D:/Profiles/sth5166/Documents/GitHub/Unreal-facetracking-client/Content/Levels/_GENERATED/sth5166/CubeGridToolOutput_11FBAA20.uexp" 762
"../../../Engine/Content/MapTemplates/SM_Template_Map_Floor.ubulk" 763
"../../../Engine/Content/MapTemplates/SM_Template_Map_Floor.uasset" 764
"../../../Engine/Content/MapTemplates/SM_Template_Map_Floor.uexp" 765
"D:/Profiles/sth5166/Documents/GitHub/Unreal-facetracking-client/Content/_GENERATED/sth5166/Box_11D87F6C.ubulk" 766
"D:/Profiles/sth5166/Documents/GitHub/Unreal-facetracking-client/Content/_GENERATED/sth5166/Box_11D87F6C.uasset" 767
"D:/Profiles/sth5166/Documents/GitHub/Unreal-facetracking-client/Content/_GENERATED/sth5166/Box_11D87F6C.uexp" 768
"D:/Profiles/sth5166/Documents/GitHub/Unreal-facetracking-client/Content/Models/Kettle/Kettle_Metal_Handle_Low.ubulk" 769
"D:/Profiles/sth5166/Documents/GitHub/Unreal-facetracking-client/Content/Models/Kettle/Kettle_Metal_Handle_Low.uasset" 770
"D:/Profiles/sth5166/Documents/GitHub/Unreal-facetracking-client/Content/Models/Kettle/Kettle_Metal_Handle_Low.uexp" 771
"D:/Profiles/sth5166/Documents/GitHub/Unreal-facetracking-client/Content/Models/Target/Archery_Target.ubulk" 772
"D:/Profiles/sth5166/Documents/GitHub/Unreal-facetracking-client/Content/Models/Target/Archery_Target.uasset" 773
"D:/Profiles/sth5166/Documents/GitHub/Unreal-facetracking-client/Content/Models/Target/Archery_Target.uexp" 774
"D:/Profiles/sth5166/Documents/GitHub/Unreal-facetracking-client/Content/StarterContent/Textures/T_Metal_Steel_D.ubulk" 775
"D:/Profiles/sth5166/Documents/GitHub/Unreal-facetracking-client/Content/StarterContent/Textures/T_Metal_Steel_D.uasset" 776
"D:/Profiles/sth5166/Documents/GitHub/Unreal-facetracking-client/Content/StarterContent/Textures/T_Metal_Steel_D.uexp" 777
"D:/Profiles/sth5166/Documents/GitHub/Unreal-facetracking-client/Content/StarterContent/Textures/T_Metal_Steel_N.ubulk" 778
"D:/Profiles/sth5166/Documents/GitHub/Unreal-facetracking-client/Content/StarterContent/Textures/T_Metal_Steel_N.uasset" 779
"D:/Profiles/sth5166/Documents/GitHub/Unreal-facetracking-client/Content/StarterContent/Textures/T_Metal_Steel_N.uexp" 780
"D:/Profiles/sth5166/Documents/GitHub/Unreal-facetracking-client/Content/StarterContent/Materials/M_Metal_Steel.uasset" 781
"D:/Profiles/sth5166/Documents/GitHub/Unreal-facetracking-client/Content/StarterContent/Materials/M_Metal_Steel.uexp" 782
"D:/Profiles/sth5166/Documents/GitHub/Unreal-facetracking-client/Content/Models/Kettle/Kettle_Bracing_Low.ubulk" 783
"D:/Profiles/sth5166/Documents/GitHub/Unreal-facetracking-client/Content/Models/Kettle/Kettle_Bracing_Low.uasset" 784
"D:/Profiles/sth5166/Documents/GitHub/Unreal-facetracking-client/Content/Models/Kettle/Kettle_Bracing_Low.uexp" 785
"D:/Profiles/sth5166/Documents/GitHub/Unreal-facetracking-client/Content/Models/Kettle/Kettle_Screws_Low.ubulk" 786
"D:/Profiles/sth5166/Documents/GitHub/Unreal-facetracking-client/Content/Models/Kettle/Kettle_Screws_Low.uasset" 787
"D:/Profiles/sth5166/Documents/GitHub/Unreal-facetracking-client/Content/Models/Kettle/Kettle_Screws_Low.uexp" 788
"D:/Profiles/sth5166/Documents/GitHub/Unreal-facetracking-client/Content/StarterContent/Textures/T_Wood_Oak_N.ubulk" 789
"D:/Profiles/sth5166/Documents/GitHub/Unreal-facetracking-client/Content/StarterContent/Textures/T_Wood_Oak_N.uasset" 790
"D:/Profiles/sth5166/Documents/GitHub/Unreal-facetracking-client/Content/StarterContent/Textures/T_Wood_Oak_N.uexp" 791
"D:/Profiles/sth5166/Documents/GitHub/Unreal-facetracking-client/Content/StarterContent/Textures/T_Wood_Oak_D.ubulk" 792
"D:/Profiles/sth5166/Documents/GitHub/Unreal-facetracking-client/Content/StarterContent/Textures/T_Wood_Oak_D.uasset" 793
"D:/Profiles/sth5166/Documents/GitHub/Unreal-facetracking-client/Content/StarterContent/Textures/T_Wood_Oak_D.uexp" 794
"D:/Profiles/sth5166/Documents/GitHub/Unreal-facetracking-client/Content/StarterContent/Materials/M_Wood_Oak.uasset" 795
"D:/Profiles/sth5166/Documents/GitHub/Unreal-facetracking-client/Content/StarterContent/Materials/M_Wood_Oak.uexp" 796
"D:/Profiles/sth5166/Documents/GitHub/Unreal-facetracking-client/Content/StarterContent/Textures/T_Metal_Gold_D.ubulk" 797
"D:/Profiles/sth5166/Documents/GitHub/Unreal-facetracking-client/Content/StarterContent/Textures/T_Metal_Gold_D.uasset" 798
"D:/Profiles/sth5166/Documents/GitHub/Unreal-facetracking-client/Content/StarterContent/Textures/T_Metal_Gold_D.uexp" 799
"D:/Profiles/sth5166/Documents/GitHub/Unreal-facetracking-client/Content/StarterContent/Materials/M_Metal_Gold.uasset" 800
"D:/Profiles/sth5166/Documents/GitHub/Unreal-facetracking-client/Content/StarterContent/Materials/M_Metal_Gold.uexp" 801
"D:/Profiles/sth5166/Documents/GitHub/Unreal-facetracking-client/Content/Models/Kettle/Textures/Kettle_AO.ubulk" 802
"D:/Profiles/sth5166/Documents/GitHub/Unreal-facetracking-client/Content/Models/Kettle/Textures/Kettle_AO.uasset" 803
"D:/Profiles/sth5166/Documents/GitHub/Unreal-facetracking-client/Content/Models/Kettle/Textures/Kettle_AO.uexp" 804
"D:/Profiles/sth5166/Documents/GitHub/Unreal-facetracking-client/Content/Models/Kettle/Textures/Kettle_Normal.ubulk" 805
"D:/Profiles/sth5166/Documents/GitHub/Unreal-facetracking-client/Content/Models/Kettle/Textures/Kettle_Normal.uasset" 806
"D:/Profiles/sth5166/Documents/GitHub/Unreal-facetracking-client/Content/Models/Kettle/Textures/Kettle_Normal.uexp" 807
"D:/Profiles/sth5166/Documents/GitHub/Unreal-facetracking-client/Content/Models/Kettle/Textures/Kettle_Roughness.ubulk" 808
"D:/Profiles/sth5166/Documents/GitHub/Unreal-facetracking-client/Content/Models/Kettle/Textures/Kettle_Roughness.uasset" 809
"D:/Profiles/sth5166/Documents/GitHub/Unreal-facetracking-client/Content/Models/Kettle/Textures/Kettle_Roughness.uexp" 810
"D:/Profiles/sth5166/Documents/GitHub/Unreal-facetracking-client/Content/Models/Kettle/Textures/Kettle_Metallic.ubulk" 811
"D:/Profiles/sth5166/Documents/GitHub/Unreal-facetracking-client/Content/Models/Kettle/Textures/Kettle_Metallic.uasset" 812
"D:/Profiles/sth5166/Documents/GitHub/Unreal-facetracking-client/Content/Models/Kettle/Textures/Kettle_Metallic.uexp" 813
"D:/Profiles/sth5166/Documents/GitHub/Unreal-facetracking-client/Content/Models/Kettle/Textures/Kettle_BaseColor.ubulk" 814
"D:/Profiles/sth5166/Documents/GitHub/Unreal-facetracking-client/Content/Models/Kettle/Textures/Kettle_BaseColor.uasset" 815
"D:/Profiles/sth5166/Documents/GitHub/Unreal-facetracking-client/Content/Models/Kettle/Textures/Kettle_BaseColor.uexp" 816
"D:/Profiles/sth5166/Documents/GitHub/Unreal-facetracking-client/Content/Models/Kettle/Textures/Material_base.uasset" 817
"D:/Profiles/sth5166/Documents/GitHub/Unreal-facetracking-client/Content/Models/Kettle/Textures/Material_base.uexp" 818
"D:/Profiles/sth5166/Documents/GitHub/Unreal-facetracking-client/Content/Levels/KettleDemo.uexp" 819
"D:/Profiles/sth5166/Documents/GitHub/Unreal-facetracking-client/Content/Levels/KettleDemo.umap" 820
"../../../Engine/Content/Maps/Entry_BuiltData.uasset" 821
"../../../Engine/Content/Maps/Entry_BuiltData.uexp" 822
"../../../Engine/Content/Maps/Entry.uexp" 823
"../../../Engine/Content/Maps/Entry.umap" 824
